0 info it worked if it ends with ok
1 verbose cli [ 'G:\\Program Files\\nodejs\\\\node.exe',
1 verbose cli   'G:\\Program Files\\nodejs\\node_modules\\npm\\bin\\npm-cli.js',
1 verbose cli   'install',
1 verbose cli   'ng-animate',
1 verbose cli   '--save' ]
2 info using npm@1.4.28
3 info using node@v0.10.36
4 verbose node symlink G:\Program Files\nodejs\\node.exe
5 warn package.json mean-demo@0.0.1 No repository field.
6 verbose readDependencies using package.json deps
7 verbose cache add [ 'ng-animate', null ]
8 verbose cache add name=undefined spec="ng-animate" args=["ng-animate",null]
9 verbose parsed url { protocol: null,
9 verbose parsed url   slashes: null,
9 verbose parsed url   auth: null,
9 verbose parsed url   host: null,
9 verbose parsed url   port: null,
9 verbose parsed url   hostname: null,
9 verbose parsed url   hash: null,
9 verbose parsed url   search: null,
9 verbose parsed url   query: null,
9 verbose parsed url   pathname: 'ng-animate',
9 verbose parsed url   path: 'ng-animate',
9 verbose parsed url   href: 'ng-animate' }
10 silly lockFile c6902084-ng-animate ng-animate
11 verbose lock ng-animate C:\Users\Molmu\AppData\Roaming\npm-cache\c6902084-ng-animate.lock
12 silly lockFile c6902084-ng-animate ng-animate
13 silly lockFile c6902084-ng-animate ng-animate
14 verbose addNamed [ 'ng-animate', '' ]
15 verbose addNamed [ null, '*' ]
16 silly lockFile 63950807-ng-animate ng-animate@
17 verbose lock ng-animate@ C:\Users\Molmu\AppData\Roaming\npm-cache\63950807-ng-animate.lock
18 silly addNameRange { name: 'ng-animate', range: '*', hasData: false }
19 verbose request where is /ng-animate
20 verbose request registry https://registry.npmjs.org/
21 verbose request id d360ba0674025d11
22 verbose url raw /ng-animate
23 verbose url resolving [ 'https://registry.npmjs.org/', './ng-animate' ]
24 verbose url resolved https://registry.npmjs.org/ng-animate
25 verbose request where is https://registry.npmjs.org/ng-animate
26 info trying registry request attempt 1 at 13:59:13
27 http GET https://registry.npmjs.org/ng-animate
28 http 404 https://registry.npmjs.org/ng-animate
29 verbose headers { date: 'Tue, 24 Feb 2015 12:59:34 GMT',
29 verbose headers   server: 'CouchDB/1.5.0 (Erlang OTP/R16B03)',
29 verbose headers   'content-type': 'application/json',
29 verbose headers   'cache-control': 'max-age=0',
29 verbose headers   'content-length': '52',
29 verbose headers   'accept-ranges': 'bytes',
29 verbose headers   via: '1.1 varnish',
29 verbose headers   age: '0',
29 verbose headers   'x-served-by': 'cache-ams4129-AMS',
29 verbose headers   'x-cache': 'MISS',
29 verbose headers   'x-cache-hits': '0',
29 verbose headers   'x-timer': 'S1424782774.106683,VS0,VE160',
29 verbose headers   'keep-alive': 'timeout=10, max=50',
29 verbose headers   connection: 'Keep-Alive' }
30 silly registry.get cb [ 404,
30 silly registry.get   { date: 'Tue, 24 Feb 2015 12:59:34 GMT',
30 silly registry.get     server: 'CouchDB/1.5.0 (Erlang OTP/R16B03)',
30 silly registry.get     'content-type': 'application/json',
30 silly registry.get     'cache-control': 'max-age=0',
30 silly registry.get     'content-length': '52',
30 silly registry.get     'accept-ranges': 'bytes',
30 silly registry.get     via: '1.1 varnish',
30 silly registry.get     age: '0',
30 silly registry.get     'x-served-by': 'cache-ams4129-AMS',
30 silly registry.get     'x-cache': 'MISS',
30 silly registry.get     'x-cache-hits': '0',
30 silly registry.get     'x-timer': 'S1424782774.106683,VS0,VE160',
30 silly registry.get     'keep-alive': 'timeout=10, max=50',
30 silly registry.get     connection: 'Keep-Alive' } ]
31 silly lockFile 63950807-ng-animate ng-animate@
32 silly lockFile 63950807-ng-animate ng-animate@
33 error 404 404 Not Found: ng-animate
33 error 404
33 error 404 'ng-animate' is not in the npm registry.
33 error 404 You should bug the author to publish it
33 error 404 It was specified as a dependency of 'mean-demo'
33 error 404
33 error 404 Note that you can also install from a
33 error 404 tarball, folder, or http url, or git url.
34 error System Windows_NT 6.1.7601
35 error command "G:\\Program Files\\nodejs\\\\node.exe" "G:\\Program Files\\nodejs\\node_modules\\npm\\bin\\npm-cli.js" "install" "ng-animate" "--save"
36 error cwd G:\dokumente\web-design\mean\mean-demo
37 error node -v v0.10.36
38 error npm -v 1.4.28
39 error code E404
40 verbose exit [ 1, true ]
